{
  "RSpec": {
    "coverage": {
      "/Users/lan/Desktop/makers_academy/week10/GildedRose-Refactoring-Kata/ruby/lib/gilded_rose.rb": [
        1,
        null,
        1,
        1,
        1,
        null,
        1,
        13,
        null,
        null,
        1,
        13,
        13,
        6,
        4,
        null,
        null,
        null,
        null,
        7,
        6,
        6,
        4,
        4,
        4,
        null,
        null,
        4,
        3,
        2,
        null,
        null,
        null,
        null,
        null,
        null,
        13,
        12,
        null,
        null,
        13,
        4,
        3,
        2,
        1,
        1,
        null,
        null,
        null,
        1,
        null,
        null,
        1,
        null,
        null,
        null,
        null,
        null,
        null,
        1,
        4,
        3,
        null,
        null,
        null,
        1,
        1,
        null,
        null,
        1,
        1,
        1,
        null,
        null,
        null,
        1,
        1,
        null,
        1,
        13,
        13,
        13,
        null,
        null,
        1,
        0,
        null,
        null
      ]
    },
    "timestamp": 1517327856
  }
}
