{
  "RSpec": {
    "coverage": {
      "/Users/lan/Desktop/makers_academy/week10/GildedRose-Refactoring-Kata/ruby/lib/gilded_rose.rb": [
        1,
        null,
        1,
        1,
        1,
        null,
        1,
        15,
        null,
        null,
        1,
        null,
        15,
        15,
        8,
        6,
        3,
        null,
        null,
        null,
        7,
        6,
        6,
        4,
        4,
        null,
        4,
        3,
        null,
        null,
        null,
        null,
        null,
        15,
        null,
        15,
        5,
        1,
        4,
        1,
        3,
        null,
        null,
        2,
        null,
        null,
        null,
        null,
        null,
        null,
        null,
        null,
        1,
        2,
        1,
        null,
        null,
        null,
        null,
        null,
        null,
        null,
        null,
        null,
        1,
        0,
        0,
        null,
        null,
        null,
        1,
        15,
        12,
        null,
        null,
        null,
        1,
        1,
        null,
        null,
        null,
        1,
        8,
        7,
        null,
        null,
        null,
        1,
        1,
        null,
        1,
        15,
        15,
        15,
        null,
        null,
        1,
        0,
        null,
        null
      ]
    },
    "timestamp": 1517409804
  }
}
